<?xml version="1.0" encoding="UTF-8"?>
<testsuite name="BankTest" tests="4" skipped="0" failures="0" errors="0" timestamp="2025-05-21T17:05:18.571Z" hostname="MacBookAir" time="0.012">
  <properties/>
  <testcase name="transferTest" classname="BankTest" time="0.007"/>
  <testcase name="findAccountTest" classname="BankTest" time="0.001"/>
  <testcase name="depositTest" classname="BankTest" time="0.0"/>
  <testcase name="withdrawTest" classname="BankTest" time="0.0"/>
  <system-out><![CDATA[]]></system-out>
  <system-err><![CDATA[]]></system-err>
</testsuite>
