<?xml version="1.0" encoding="UTF-8"?>
<testsuite name="SavingAccountTest" tests="3" skipped="0" failures="0" errors="0" timestamp="2025-05-20T16:30:42.220Z" hostname="MacBookAir" time="0.01">
  <properties/>
  <testcase name="setAndGetInterestsTest" classname="SavingAccountTest" time="0.007"/>
  <testcase name="interestComputationTest" classname="SavingAccountTest" time="0.0"/>
  <testcase name="depositAndWithDrawTest" classname="SavingAccountTest" time="0.001"/>
  <system-out><![CDATA[]]></system-out>
  <system-err><![CDATA[]]></system-err>
</testsuite>
