<?xml version="1.0" encoding="UTF-8"?>
<testsuite name="PurseTest" tests="8" skipped="0" failures="0" errors="0" timestamp="2025-05-21T16:52:59.718Z" hostname="MacBookAir" time="0.089">
  <properties/>
  <testcase name="hasCoinTest" classname="PurseTest" time="0.009"/>
  <testcase name="findTest" classname="PurseTest" time="0.019"/>
  <testcase name="getTotalTest" classname="PurseTest" time="0.0"/>
  <testcase name="minMaxTest" classname="PurseTest" time="0.0"/>
  <testcase name="equalsTest" classname="PurseTest" time="0.001"/>
  <testcase name="toStringTest" classname="PurseTest" time="0.051"/>
  <testcase name="addRemoveTest" classname="PurseTest" time="0.001"/>
  <testcase name="countTest" classname="PurseTest" time="0.002"/>
  <system-out><![CDATA[]]></system-out>
  <system-err><![CDATA[]]></system-err>
</testsuite>
