<?xml version="1.0" encoding="UTF-8"?>
<testsuite name="it.unisa.railways.TrainTest" tests="1" skipped="0" failures="0" errors="0" timestamp="2025-05-21T21:08:05.739Z" hostname="MacBookAir" time="0.001">
  <properties/>
  <testcase name="testSolution" classname="it.unisa.railways.TrainTest" time="0.001"/>
  <system-out><![CDATA[]]></system-out>
  <system-err><![CDATA[]]></system-err>
</testsuite>
